<html>
  <head>
    <title>Error occurs when terminating scenario</title>
<link rel="stylesheet" href="../../../../sft-html-default/bootstrap-theme.min.css" />
<link rel="stylesheet" href="../../../../sft-html-default/bootstrap.min.css" />
<link rel="stylesheet" href="../../../../sft-html-default/sft.css" />
<script src="../../../../sft-html-default/bootstrap.min.js"></script>
<script src="../../../../sft-html-default/jquery-1.10.2.min.js"></script>
  </head>
  <body class="useCase failed">
    <div class="container">
      <div class="page-header">
        <div class="text-center">
          <h1><span class="useCaseName">Error occurs when terminating scenario</span></h1>
        </div>
      </div>
      <div class="scenario failed panel panel-default">
        <div class="panel-heading">
          <h3><span class="scenarioName">Scenario</span></h3>
        </div>
        <div class="beforeScenario panel-body">
          <div>
            <span>Do nothing</span>
          </div>
          <hr/>
        </div>        <div class="panel-body">
                    <div class="instruction succeeded">
            <span>Do nothing</span>          </div>
        </div>
        <div class="afterScenario panel-body">
          <hr/>
           <div>
            <span>An error occurs</span>
          </div>
        </div>      <div class="panel-body">
        <div class="exception">
          <a onClick="$(this).next().toggle()" >RuntimeException: Boom</a>
          <pre class="stacktrace pre-scrollable" >java.lang.RuntimeException: Boom
	at sft.integration.use.sut.ErrorOccursWhenTerminatingScenario.anErrorOccurs(ErrorOccursWhenTerminatingScenario.java:28)
	at sft.integration.use.sut.ErrorOccursWhenTerminatingScenario.teardown(ErrorOccursWhenTerminatingScenario.java:24)
	at sun.reflect.NativeMethodAccessorImpl.invoke0(Native Method)
	at sun.reflect.NativeMethodAccessorImpl.invoke(NativeMethodAccessorImpl.java:62)
	at sun.reflect.DelegatingMethodAccessorImpl.invoke(DelegatingMethodAccessorImpl.java:43)
	at java.lang.reflect.Method.invoke(Method.java:483)
	at sft.ContextHandler.run(ContextHandler.java:28)
	at sft.junit.ContextRunner.run(ContextRunner.java:37)
	at sft.junit.ScenarioRunner.run(ScenarioRunner.java:54)
	at sft.junit.UseCaseRunner.run(UseCaseRunner.java:77)
	at sft.SimpleFunctionalTest.run(SimpleFunctionalTest.java:42)
	at org.junit.runners.Suite.runChild(Suite.java:127)
	at org.junit.runners.Suite.runChild(Suite.java:26)
	at org.junit.runners.ParentRunner$3.run(ParentRunner.java:238)
	at org.junit.runners.ParentRunner$1.schedule(ParentRunner.java:63)
	at org.junit.runners.ParentRunner.runChildren(ParentRunner.java:236)
	at org.junit.runners.ParentRunner.access$000(ParentRunner.java:53)
	at org.junit.runners.ParentRunner$2.evaluate(ParentRunner.java:229)
	at org.junit.runners.ParentRunner.run(ParentRunner.java:309)
	at org.junit.runner.JUnitCore.run(JUnitCore.java:160)
	at org.junit.runner.JUnitCore.run(JUnitCore.java:138)
	at org.junit.runner.JUnitCore.run(JUnitCore.java:117)
	at sft.integration.fixtures.JUnitHtmlHelper.run(JUnitHtmlHelper.java:20)
	at sft.integration.use.DefiningTestContextForAScenario.whenAnErrorOccursWhenTerminatingAnScenarioContext(DefiningTestContextForAScenario.java:88)
	at sft.integration.use.DefiningTestContextForAScenario.errorOccursWhenTerminatingAScenarioContext(DefiningTestContextForAScenario.java:50)
	at sun.reflect.NativeMethodAccessorImpl.invoke0(Native Method)
	at sun.reflect.NativeMethodAccessorImpl.invoke(NativeMethodAccessorImpl.java:62)
	at sun.reflect.DelegatingMethodAccessorImpl.invoke(DelegatingMethodAccessorImpl.java:43)
	at java.lang.reflect.Method.invoke(Method.java:483)
	at sft.Scenario.run(Scenario.java:45)
	at sft.junit.ScenarioRunner.run(ScenarioRunner.java:52)
	at sft.junit.UseCaseRunner.run(UseCaseRunner.java:77)
	at sft.junit.SubUseCaseRunner.run(SubUseCaseRunner.java:33)
	at sft.junit.UseCaseRunner.run(UseCaseRunner.java:88)
	at sft.junit.SubUseCaseRunner.run(SubUseCaseRunner.java:33)
	at sft.junit.UseCaseRunner.run(UseCaseRunner.java:88)
	at sft.SimpleFunctionalTest.run(SimpleFunctionalTest.java:42)
	at org.apache.maven.surefire.junit4.JUnit4TestSet.execute(JUnit4TestSet.java:53)
	at org.apache.maven.surefire.junit4.JUnit4Provider.executeTestSet(JUnit4Provider.java:123)
	at org.apache.maven.surefire.junit4.JUnit4Provider.invoke(JUnit4Provider.java:104)
	at sun.reflect.NativeMethodAccessorImpl.invoke0(Native Method)
	at sun.reflect.NativeMethodAccessorImpl.invoke(NativeMethodAccessorImpl.java:62)
	at sun.reflect.DelegatingMethodAccessorImpl.invoke(DelegatingMethodAccessorImpl.java:43)
	at java.lang.reflect.Method.invoke(Method.java:483)
	at org.apache.maven.surefire.util.ReflectionUtils.invokeMethodWithArray(ReflectionUtils.java:164)
	at org.apache.maven.surefire.booter.ProviderFactory$ProviderProxy.invoke(ProviderFactory.java:110)
	at org.apache.maven.surefire.booter.SurefireStarter.invokeProvider(SurefireStarter.java:175)
	at org.apache.maven.surefire.booter.SurefireStarter.runSuitesInProcessWhenForked(SurefireStarter.java:107)
	at org.apache.maven.surefire.booter.ForkedBooter.main(ForkedBooter.java:68)
</pre>
        </div>
      </div>
      </div>
    </div>
  </body>
</html>