<!DOCTYPE html><html><head><title>Test: Sub use case failed</title><link rel="stylesheet" href="../../../../../other-style/css/ink-min.css" />
</head><body><div class='ink-grid gutters'><h1 class='ink-label error invert'>Sub use case failed</h1><div class='ink-alert block large-80 error'> <h4>Simple failed scenario</h4><p><div class='error ink-label invert'><span>Simple failed action</span></div><div class='ink-alert block error'><h4><span>AssertionError</span>: <span></span></h4><p class='small'>java.lang.AssertionError
	at org.junit.Assert.fail(Assert.java:86)
	at org.junit.Assert.assertTrue(Assert.java:41)
	at org.junit.Assert.assertTrue(Assert.java:52)
	at sft.integration.set.sut.subUseCase.SubUseCaseFailed.simpleFailedAction(SubUseCaseFailed.java:14)
	at sft.integration.set.sut.subUseCase.SubUseCaseFailed.simpleFailedScenario(SubUseCaseFailed.java:10)
	at sun.reflect.NativeMethodAccessorImpl.invoke0(Native Method)
	at sun.reflect.NativeMethodAccessorImpl.invoke(NativeMethodAccessorImpl.java:57)
	at sun.reflect.DelegatingMethodAccessorImpl.invoke(DelegatingMethodAccessorImpl.java:43)
	at java.lang.reflect.Method.invoke(Method.java:606)
	at sft.Scenario.run(Scenario.java:45)
	at sft.junit.ScenarioRunner.run(ScenarioRunner.java:50)
	at sft.junit.UseCaseRunner.run(UseCaseRunner.java:71)
	at sft.junit.UseCaseRunner.run(UseCaseRunner.java:82)
	at sft.SimpleFunctionalTest.run(SimpleFunctionalTest.java:48)
	at org.junit.runners.Suite.runChild(Suite.java:127)
	at org.junit.runners.Suite.runChild(Suite.java:26)
	at org.junit.runners.ParentRunner$3.run(ParentRunner.java:238)
	at org.junit.runners.ParentRunner$1.schedule(ParentRunner.java:63)
	at org.junit.runners.ParentRunner.runChildren(ParentRunner.java:236)
	at org.junit.runners.ParentRunner.access$000(ParentRunner.java:53)
	at org.junit.runners.ParentRunner$2.evaluate(ParentRunner.java:229)
	at org.junit.runners.ParentRunner.run(ParentRunner.java:309)
	at org.junit.runner.JUnitCore.run(JUnitCore.java:160)
	at org.junit.runner.JUnitCore.run(JUnitCore.java:138)
	at org.junit.runner.JUnitCore.run(JUnitCore.java:117)
	at sft.integration.fixtures.JUnitHelper.<init>(JUnitHelper.java:18)
	at sft.integration.set.HtmlReportSettings.byChangingTemplateValues(HtmlReportSettings.java:343)
	at sft.integration.set.HtmlReportSettings.customHtml(HtmlReportSettings.java:227)
	at sun.reflect.NativeMethodAccessorImpl.invoke0(Native Method)
	at sun.reflect.NativeMethodAccessorImpl.invoke(NativeMethodAccessorImpl.java:57)
	at sun.reflect.DelegatingMethodAccessorImpl.invoke(DelegatingMethodAccessorImpl.java:43)
	at java.lang.reflect.Method.invoke(Method.java:606)
	at sft.Scenario.run(Scenario.java:45)
	at sft.junit.ScenarioRunner.run(ScenarioRunner.java:50)
	at sft.junit.UseCaseRunner.run(UseCaseRunner.java:71)
	at sft.junit.UseCaseRunner.run(UseCaseRunner.java:82)
	at sft.junit.UseCaseRunner.run(UseCaseRunner.java:82)
	at sft.SimpleFunctionalTest.run(SimpleFunctionalTest.java:48)
	at org.apache.maven.surefire.junit4.JUnit4TestSet.execute(JUnit4TestSet.java:53)
	at org.apache.maven.surefire.junit4.JUnit4Provider.executeTestSet(JUnit4Provider.java:123)
	at org.apache.maven.surefire.junit4.JUnit4Provider.invoke(JUnit4Provider.java:104)
	at sun.reflect.NativeMethodAccessorImpl.invoke0(Native Method)
	at sun.reflect.NativeMethodAccessorImpl.invoke(NativeMethodAccessorImpl.java:57)
	at sun.reflect.DelegatingMethodAccessorImpl.invoke(DelegatingMethodAccessorImpl.java:43)
	at java.lang.reflect.Method.invoke(Method.java:606)
	at org.apache.maven.surefire.util.ReflectionUtils.invokeMethodWithArray(ReflectionUtils.java:164)
	at org.apache.maven.surefire.booter.ProviderFactory$ProviderProxy.invoke(ProviderFactory.java:110)
	at org.apache.maven.surefire.booter.SurefireStarter.invokeProvider(SurefireStarter.java:175)
	at org.apache.maven.surefire.booter.SurefireStarter.runSuitesInProcessWhenForked(SurefireStarter.java:107)
	at org.apache.maven.surefire.booter.ForkedBooter.main(ForkedBooter.java:68)
</p></div></p></div></div><div class='large-80'>@Copyright nevermind</div></body></html>