<html>
  <head>
    <title>Error occurs when terminating scenario</title>
<link rel="stylesheet" href="../../../../sft-html-default/sft.css" />
<link rel="stylesheet" href="../../../../sft-html-default/bootstrap.min.css" />
<link rel="stylesheet" href="../../../../sft-html-default/bootstrap-theme.min.css" />
<script src="../../../../sft-html-default/bootstrap.min.js"></script>
<script src="../../../../sft-html-default/jquery-1.10.2.min.js"></script>
  </head>
  <body class="useCase failed">
    <div class="container">
      <div class="page-header">
        <div class="text-center">
          <h1><span class="useCaseName">Error occurs when terminating scenario</span></h1>
        </div>
      </div>
      <div class="scenario failed panel panel-default">
        <div class="panel-heading">
          <h3><span class="scenarioName">Scenario</span></h3>
        </div>
        <div class="beforeScenario panel-body">
          <div>
            <span>Do nothing</span>
          </div>
          <hr/>
        </div>        <div class="panel-body">
          <div class="instruction succeeded">
            <span>Do nothing</span>          </div>
        </div>
        <div class="afterScenario panel-body">
          <hr/>
           <div>
            <span>An error occurs</span>
          </div>
        </div>      <div class="panel-body">
        <div class="exception">
          <a onClick="$(this).next().toggle()" >RuntimeException: Boom</a>
          <pre class="stacktrace pre-scrollable" >java.lang.RuntimeException: Boom
	at sft.integration.use.sut.ErrorOccursWhenTerminatingScenario.anErrorOccurs(ErrorOccursWhenTerminatingScenario.java:28)
	at sft.integration.use.sut.ErrorOccursWhenTerminatingScenario.teardown(ErrorOccursWhenTerminatingScenario.java:24)
	at sun.reflect.NativeMethodAccessorImpl.invoke0(Native Method)
	at sun.reflect.NativeMethodAccessorImpl.invoke(NativeMethodAccessorImpl.java:39)
	at sun.reflect.DelegatingMethodAccessorImpl.invoke(DelegatingMethodAccessorImpl.java:25)
	at java.lang.reflect.Method.invoke(Method.java:597)
	at sft.ContextHandler.run(ContextHandler.java:28)
	at sft.junit.ContextRunner.run(ContextRunner.java:37)
	at sft.junit.ScenarioRunner.run(ScenarioRunner.java:53)
	at sft.junit.UseCaseRunner.run(UseCaseRunner.java:71)
	at sft.SimpleFunctionalTest.run(SimpleFunctionalTest.java:48)
	at org.junit.runners.Suite.runChild(Suite.java:127)
	at org.junit.runners.Suite.runChild(Suite.java:26)
	at org.junit.runners.ParentRunner$3.run(ParentRunner.java:238)
	at org.junit.runners.ParentRunner$1.schedule(ParentRunner.java:63)
	at org.junit.runners.ParentRunner.runChildren(ParentRunner.java:236)
	at org.junit.runners.ParentRunner.access$000(ParentRunner.java:53)
	at org.junit.runners.ParentRunner$2.evaluate(ParentRunner.java:229)
	at org.junit.runners.ParentRunner.run(ParentRunner.java:309)
	at org.junit.runner.JUnitCore.run(JUnitCore.java:160)
	at org.junit.runner.JUnitCore.run(JUnitCore.java:138)
	at org.junit.runner.JUnitCore.run(JUnitCore.java:117)
	at sft.integration.fixtures.JUnitHelper.run(JUnitHelper.java:32)
	at sft.integration.use.DefiningTestContextForAScenario.whenAnErrorOccursWhenTerminatingAnScenarioContext(DefiningTestContextForAScenario.java:101)
	at sft.integration.use.DefiningTestContextForAScenario.errorOccursWhenTerminatingAScenarioContext(DefiningTestContextForAScenario.java:58)
	at sun.reflect.NativeMethodAccessorImpl.invoke0(Native Method)
	at sun.reflect.NativeMethodAccessorImpl.invoke(NativeMethodAccessorImpl.java:39)
	at sun.reflect.DelegatingMethodAccessorImpl.invoke(DelegatingMethodAccessorImpl.java:25)
	at java.lang.reflect.Method.invoke(Method.java:597)
	at sft.Scenario.run(Scenario.java:39)
	at sft.junit.ScenarioRunner.run(ScenarioRunner.java:51)
	at sft.junit.UseCaseRunner.run(UseCaseRunner.java:71)
	at sft.junit.UseCaseRunner.run(UseCaseRunner.java:82)
	at sft.junit.UseCaseRunner.run(UseCaseRunner.java:82)
	at sft.SimpleFunctionalTest.run(SimpleFunctionalTest.java:48)
	at org.junit.runner.JUnitCore.run(JUnitCore.java:160)
	at com.intellij.junit4.JUnit4IdeaTestRunner.startRunnerWithArgs(JUnit4IdeaTestRunner.java:77)
	at com.intellij.rt.execution.junit.JUnitStarter.prepareStreamsAndStart(JUnitStarter.java:195)
	at com.intellij.rt.execution.junit.JUnitStarter.main(JUnitStarter.java:63)
	at sun.reflect.NativeMethodAccessorImpl.invoke0(Native Method)
	at sun.reflect.NativeMethodAccessorImpl.invoke(NativeMethodAccessorImpl.java:39)
	at sun.reflect.DelegatingMethodAccessorImpl.invoke(DelegatingMethodAccessorImpl.java:25)
	at java.lang.reflect.Method.invoke(Method.java:597)
	at com.intellij.rt.execution.application.AppMain.main(AppMain.java:120)
</pre>
        </div>
      </div>
      </div>
    </div>
  </body>
</html>