<html>
  <head>
    <title>Error occurs when terminating an use case context</title>
<link rel="stylesheet" href="../../../../sft-html-default/bootstrap-theme.min.css" />
<link rel="stylesheet" href="../../../../sft-html-default/bootstrap.min.css" />
<link rel="stylesheet" href="../../../../sft-html-default/sft.css" />
<script src="../../../../sft-html-default/bootstrap.min.js"></script>
<script src="../../../../sft-html-default/jquery-1.10.2.min.js"></script>
  </head>
  <body class="useCase failed">
    <div class="container">
      <div class="page-header">
        <div class="text-center">
          <h1><span class="useCaseName">Error occurs when terminating an use case context</span></h1>
        </div>
      </div>
      <div class="panel panel-default beforeUseCase succeeded">
        <div class="panel-body">
          <div>
            <span>Do nothing</span>
          </div>
        </div>
      </div>
      <div class="scenario succeeded panel panel-default">
        <div class="panel-heading">
          <h3><span class="scenarioName">Scenario</span></h3>
        </div>
        <div class="panel-body">
          <div class="instruction succeeded">
            <span>Do nothing</span>          </div>
        </div>
      </div>
      <div class="panel panel-default afterUseCase failed">
        <div class="panel-body">
          <div>
            <span>An error occurs</span>
          </div>
        </div>
      <div class="panel-body">
        <div class="exception">
          <a onClick="$(this).next().toggle()" >RuntimeException: Boom</a>
          <pre class="stacktrace pre-scrollable" >java.lang.RuntimeException: Boom
	at sft.integration.use.sut.ErrorOccursWhenTerminatingAnUseCaseContext.anErrorOccurs(ErrorOccursWhenTerminatingAnUseCaseContext.java:28)
	at sft.integration.use.sut.ErrorOccursWhenTerminatingAnUseCaseContext.teardown(ErrorOccursWhenTerminatingAnUseCaseContext.java:24)
	at sun.reflect.NativeMethodAccessorImpl.invoke0(Native Method)
	at sun.reflect.NativeMethodAccessorImpl.invoke(NativeMethodAccessorImpl.java:39)
	at sun.reflect.DelegatingMethodAccessorImpl.invoke(DelegatingMethodAccessorImpl.java:25)
	at java.lang.reflect.Method.invoke(Method.java:597)
	at sft.ContextHandler.run(ContextHandler.java:28)
	at sft.junit.ContextRunner.run(ContextRunner.java:37)
	at sft.junit.UseCaseRunner.run(UseCaseRunner.java:74)
	at sft.SimpleFunctionalTest.run(SimpleFunctionalTest.java:48)
	at org.junit.runners.Suite.runChild(Suite.java:127)
	at org.junit.runners.Suite.runChild(Suite.java:26)
	at org.junit.runners.ParentRunner$3.run(ParentRunner.java:238)
	at org.junit.runners.ParentRunner$1.schedule(ParentRunner.java:63)
	at org.junit.runners.ParentRunner.runChildren(ParentRunner.java:236)
	at org.junit.runners.ParentRunner.access$000(ParentRunner.java:53)
	at org.junit.runners.ParentRunner$2.evaluate(ParentRunner.java:229)
	at org.junit.runners.ParentRunner.run(ParentRunner.java:309)
	at org.junit.runner.JUnitCore.run(JUnitCore.java:160)
	at org.junit.runner.JUnitCore.run(JUnitCore.java:138)
	at org.junit.runner.JUnitCore.run(JUnitCore.java:117)
	at sft.integration.fixtures.JUnitHelper.run(JUnitHelper.java:34)
	at sft.integration.use.DefiningTestContextForAnUseCase.whenAnErrorOccursWhenTerminatingAnUseCaseContext(DefiningTestContextForAnUseCase.java:106)
	at sft.integration.use.DefiningTestContextForAnUseCase.errorOccursWhenTerminatingUseCaseContext(DefiningTestContextForAnUseCase.java:61)
	at sun.reflect.NativeMethodAccessorImpl.invoke0(Native Method)
	at sun.reflect.NativeMethodAccessorImpl.invoke(NativeMethodAccessorImpl.java:39)
	at sun.reflect.DelegatingMethodAccessorImpl.invoke(DelegatingMethodAccessorImpl.java:25)
	at java.lang.reflect.Method.invoke(Method.java:597)
	at sft.Scenario.run(Scenario.java:39)
	at sft.junit.ScenarioRunner.run(ScenarioRunner.java:51)
	at sft.junit.UseCaseRunner.run(UseCaseRunner.java:72)
	at sft.junit.UseCaseRunner.run(UseCaseRunner.java:83)
	at sft.junit.UseCaseRunner.run(UseCaseRunner.java:83)
	at sft.SimpleFunctionalTest.run(SimpleFunctionalTest.java:48)
	at org.apache.maven.surefire.junit4.JUnit4Provider.execute(JUnit4Provider.java:252)
	at org.apache.maven.surefire.junit4.JUnit4Provider.executeTestSet(JUnit4Provider.java:141)
	at org.apache.maven.surefire.junit4.JUnit4Provider.invoke(JUnit4Provider.java:112)
	at sun.reflect.NativeMethodAccessorImpl.invoke0(Native Method)
	at sun.reflect.NativeMethodAccessorImpl.invoke(NativeMethodAccessorImpl.java:39)
	at sun.reflect.DelegatingMethodAccessorImpl.invoke(DelegatingMethodAccessorImpl.java:25)
	at java.lang.reflect.Method.invoke(Method.java:597)
	at org.apache.maven.surefire.util.ReflectionUtils.invokeMethodWithArray(ReflectionUtils.java:189)
	at org.apache.maven.surefire.booter.ProviderFactory$ProviderProxy.invoke(ProviderFactory.java:165)
	at org.apache.maven.surefire.booter.ProviderFactory.invokeProvider(ProviderFactory.java:85)
	at org.apache.maven.surefire.booter.ForkedBooter.runSuitesInProcess(ForkedBooter.java:115)
	at org.apache.maven.surefire.booter.ForkedBooter.main(ForkedBooter.java:75)
</pre>
        </div>
      </div>
      </div>
    </div>
  </body>
</html>