<html>
  <head>
    <title>When functional test failed</title>
<link rel="stylesheet" href="../../../../sft-html-default/bootstrap-theme.min.css" />
<link rel="stylesheet" href="../../../../sft-html-default/bootstrap.min.css" />
<link rel="stylesheet" href="../../../../sft-html-default/sft.css" />
<script src="../../../../sft-html-default/bootstrap.min.js"></script>
<script src="../../../../sft-html-default/jquery-1.10.2.min.js"></script>
  </head>
  <body class="useCase failed">
    <div class="container">
      <div class="page-header">
        <div class="text-center">
          <h1><span class="useCaseName">When functional test failed</span></h1>
        </div>
      </div>
      <div class="scenario failed panel panel-default">
        <div class="panel-heading">
          <h3><span class="scenarioName">Unsuccessful scenario are displayed in red with cross mark</span></h3>
        </div>
        <div class="panel-body">
                    <div class="instruction succeeded">
            <span>Successful condition</span>          </div>
                    <div class="instruction failed">
            <span>Condition that failed</span>          </div>
                    <div class="instruction ignored">
            <span>Successful condition</span>          </div>
        </div>
      <div class="panel-body">
        <div class="exception">
          <a onClick="$(this).next().toggle()" >AssertionError: Condition failed</a>
          <pre class="stacktrace pre-scrollable" >java.lang.AssertionError: Condition failed
	at org.junit.Assert.fail(Assert.java:88)
	at org.junit.Assert.assertTrue(Assert.java:41)
	at sft.integration.use.sut.WhenFunctionalTestFailed.conditionThatFailed(WhenFunctionalTestFailed.java:35)
	at sft.integration.use.sut.WhenFunctionalTestFailed.unsuccessfulScenarioAreDisplayedInRedWithCrossMark(WhenFunctionalTestFailed.java:15)
	at sun.reflect.NativeMethodAccessorImpl.invoke0(Native Method)
	at sun.reflect.NativeMethodAccessorImpl.invoke(NativeMethodAccessorImpl.java:39)
	at sun.reflect.DelegatingMethodAccessorImpl.invoke(DelegatingMethodAccessorImpl.java:25)
	at java.lang.reflect.Method.invoke(Method.java:597)
	at sft.Scenario.run(Scenario.java:45)
	at sft.junit.ScenarioRunner.run(ScenarioRunner.java:57)
	at sft.junit.UseCaseRunner.run(UseCaseRunner.java:76)
	at sft.SimpleFunctionalTest.run(SimpleFunctionalTest.java:48)
	at org.junit.runners.Suite.runChild(Suite.java:127)
	at org.junit.runners.Suite.runChild(Suite.java:26)
	at org.junit.runners.ParentRunner$3.run(ParentRunner.java:238)
	at org.junit.runners.ParentRunner$1.schedule(ParentRunner.java:63)
	at org.junit.runners.ParentRunner.runChildren(ParentRunner.java:236)
	at org.junit.runners.ParentRunner.access$000(ParentRunner.java:53)
	at org.junit.runners.ParentRunner$2.evaluate(ParentRunner.java:229)
	at org.junit.runners.ParentRunner.run(ParentRunner.java:309)
	at org.junit.runner.JUnitCore.run(JUnitCore.java:160)
	at org.junit.runner.JUnitCore.run(JUnitCore.java:138)
	at org.junit.runner.JUnitCore.run(JUnitCore.java:117)
	at sft.integration.fixtures.JUnitHelper.run(JUnitHelper.java:21)
	at sft.integration.use.CommonUsage.withAJUnitTestClassExpectingFailure(CommonUsage.java:127)
	at sft.integration.use.CommonUsage.whenFunctionalTestFailed(CommonUsage.java:76)
	at sun.reflect.NativeMethodAccessorImpl.invoke0(Native Method)
	at sun.reflect.NativeMethodAccessorImpl.invoke(NativeMethodAccessorImpl.java:39)
	at sun.reflect.DelegatingMethodAccessorImpl.invoke(DelegatingMethodAccessorImpl.java:25)
	at java.lang.reflect.Method.invoke(Method.java:597)
	at sft.Scenario.run(Scenario.java:45)
	at sft.junit.ScenarioRunner.run(ScenarioRunner.java:57)
	at sft.junit.UseCaseRunner.run(UseCaseRunner.java:76)
	at sft.junit.SubUseCaseRunner.run(SubUseCaseRunner.java:33)
	at sft.junit.UseCaseRunner.run(UseCaseRunner.java:87)
	at sft.junit.SubUseCaseRunner.run(SubUseCaseRunner.java:33)
	at sft.junit.UseCaseRunner.run(UseCaseRunner.java:87)
	at sft.SimpleFunctionalTest.run(SimpleFunctionalTest.java:48)
	at org.apache.maven.surefire.junit4.JUnit4Provider.execute(JUnit4Provider.java:252)
	at org.apache.maven.surefire.junit4.JUnit4Provider.executeTestSet(JUnit4Provider.java:141)
	at org.apache.maven.surefire.junit4.JUnit4Provider.invoke(JUnit4Provider.java:112)
	at sun.reflect.NativeMethodAccessorImpl.invoke0(Native Method)
	at sun.reflect.NativeMethodAccessorImpl.invoke(NativeMethodAccessorImpl.java:39)
	at sun.reflect.DelegatingMethodAccessorImpl.invoke(DelegatingMethodAccessorImpl.java:25)
	at java.lang.reflect.Method.invoke(Method.java:597)
	at org.apache.maven.surefire.util.ReflectionUtils.invokeMethodWithArray(ReflectionUtils.java:189)
	at org.apache.maven.surefire.booter.ProviderFactory$ProviderProxy.invoke(ProviderFactory.java:165)
	at org.apache.maven.surefire.booter.ProviderFactory.invokeProvider(ProviderFactory.java:85)
	at org.apache.maven.surefire.booter.ForkedBooter.runSuitesInProcess(ForkedBooter.java:115)
	at org.apache.maven.surefire.booter.ForkedBooter.main(ForkedBooter.java:75)
</pre>
        </div>
      </div>
      </div>
      <div class="scenario failed panel panel-default">
        <div class="panel-heading">
          <h3><span class="scenarioName">Scenario throwing exception are displayed in red with cross mark</span></h3>
        </div>
        <div class="panel-body">
                    <div class="instruction succeeded">
            <span>Successful condition</span>          </div>
                    <div class="instruction failed">
            <span>Condition that throws exception</span>          </div>
                    <div class="instruction ignored">
            <span>Successful condition</span>          </div>
        </div>
      <div class="panel-body">
        <div class="exception">
          <a onClick="$(this).next().toggle()" >RuntimeException: Boom</a>
          <pre class="stacktrace pre-scrollable" >java.lang.RuntimeException: Boom
	at sft.integration.use.sut.WhenFunctionalTestFailed.conditionThatThrowsException(WhenFunctionalTestFailed.java:31)
	at sft.integration.use.sut.WhenFunctionalTestFailed.scenarioThrowingExceptionAreDisplayedInRedWithCrossMark(WhenFunctionalTestFailed.java:22)
	at sun.reflect.NativeMethodAccessorImpl.invoke0(Native Method)
	at sun.reflect.NativeMethodAccessorImpl.invoke(NativeMethodAccessorImpl.java:39)
	at sun.reflect.DelegatingMethodAccessorImpl.invoke(DelegatingMethodAccessorImpl.java:25)
	at java.lang.reflect.Method.invoke(Method.java:597)
	at sft.Scenario.run(Scenario.java:45)
	at sft.junit.ScenarioRunner.run(ScenarioRunner.java:57)
	at sft.junit.UseCaseRunner.run(UseCaseRunner.java:76)
	at sft.SimpleFunctionalTest.run(SimpleFunctionalTest.java:48)
	at org.junit.runners.Suite.runChild(Suite.java:127)
	at org.junit.runners.Suite.runChild(Suite.java:26)
	at org.junit.runners.ParentRunner$3.run(ParentRunner.java:238)
	at org.junit.runners.ParentRunner$1.schedule(ParentRunner.java:63)
	at org.junit.runners.ParentRunner.runChildren(ParentRunner.java:236)
	at org.junit.runners.ParentRunner.access$000(ParentRunner.java:53)
	at org.junit.runners.ParentRunner$2.evaluate(ParentRunner.java:229)
	at org.junit.runners.ParentRunner.run(ParentRunner.java:309)
	at org.junit.runner.JUnitCore.run(JUnitCore.java:160)
	at org.junit.runner.JUnitCore.run(JUnitCore.java:138)
	at org.junit.runner.JUnitCore.run(JUnitCore.java:117)
	at sft.integration.fixtures.JUnitHelper.run(JUnitHelper.java:21)
	at sft.integration.use.CommonUsage.withAJUnitTestClassExpectingFailure(CommonUsage.java:127)
	at sft.integration.use.CommonUsage.whenFunctionalTestFailed(CommonUsage.java:76)
	at sun.reflect.NativeMethodAccessorImpl.invoke0(Native Method)
	at sun.reflect.NativeMethodAccessorImpl.invoke(NativeMethodAccessorImpl.java:39)
	at sun.reflect.DelegatingMethodAccessorImpl.invoke(DelegatingMethodAccessorImpl.java:25)
	at java.lang.reflect.Method.invoke(Method.java:597)
	at sft.Scenario.run(Scenario.java:45)
	at sft.junit.ScenarioRunner.run(ScenarioRunner.java:57)
	at sft.junit.UseCaseRunner.run(UseCaseRunner.java:76)
	at sft.junit.SubUseCaseRunner.run(SubUseCaseRunner.java:33)
	at sft.junit.UseCaseRunner.run(UseCaseRunner.java:87)
	at sft.junit.SubUseCaseRunner.run(SubUseCaseRunner.java:33)
	at sft.junit.UseCaseRunner.run(UseCaseRunner.java:87)
	at sft.SimpleFunctionalTest.run(SimpleFunctionalTest.java:48)
	at org.apache.maven.surefire.junit4.JUnit4Provider.execute(JUnit4Provider.java:252)
	at org.apache.maven.surefire.junit4.JUnit4Provider.executeTestSet(JUnit4Provider.java:141)
	at org.apache.maven.surefire.junit4.JUnit4Provider.invoke(JUnit4Provider.java:112)
	at sun.reflect.NativeMethodAccessorImpl.invoke0(Native Method)
	at sun.reflect.NativeMethodAccessorImpl.invoke(NativeMethodAccessorImpl.java:39)
	at sun.reflect.DelegatingMethodAccessorImpl.invoke(DelegatingMethodAccessorImpl.java:25)
	at java.lang.reflect.Method.invoke(Method.java:597)
	at org.apache.maven.surefire.util.ReflectionUtils.invokeMethodWithArray(ReflectionUtils.java:189)
	at org.apache.maven.surefire.booter.ProviderFactory$ProviderProxy.invoke(ProviderFactory.java:165)
	at org.apache.maven.surefire.booter.ProviderFactory.invokeProvider(ProviderFactory.java:85)
	at org.apache.maven.surefire.booter.ForkedBooter.runSuitesInProcess(ForkedBooter.java:115)
	at org.apache.maven.surefire.booter.ForkedBooter.main(ForkedBooter.java:75)
</pre>
        </div>
      </div>
      </div>
    </div>
  </body>
</html>